0 info it worked if it ends with ok
1 verbose cli [ 'C:\\Program Files\\nodejs\\node.exe',
1 verbose cli   'C:\\ProgramData\\chocolatey\\lib\\npm\\tools\\node_modules\\npm\\bin\\npm-cli.js',
1 verbose cli   'uninstall',
1 verbose cli   '-g',
1 verbose cli   'phantomjs' ]
2 info using npm@1.4.9
3 info using node@v6.9.2
4 info C:\Program Files\nodejs\node_modules\phantomjs unbuild
5 info preuninstall phantomjs@2.1.7
6 info uninstall phantomjs@2.1.7
7 verbose true,C:\Program Files\nodejs\node_modules,C:\Program Files\nodejs\node_modules unbuild phantomjs@2.1.7
8 verbose C:\Program Files\nodejs,[object Object] binRoot
9 error Error: EPERM: operation not permitted, unlink 'C:\Program Files\nodejs\phantomjs.cmd'
9 error     at Error (native)
9 error  { Error: EPERM: operation not permitted, unlink 'C:\Program Files\nodejs\phantomjs.cmd'
9 error     at Error (native)
9 error   errno: -4048,
9 error   code: 'EPERM',
9 error   syscall: 'unlink',
9 error   path: 'C:\\Program Files\\nodejs\\phantomjs.cmd' }
10 error Please try running this command again as root/Administrator.
11 error System Windows_NT 10.0.10586
12 error command "C:\\Program Files\\nodejs\\node.exe" "C:\\ProgramData\\chocolatey\\lib\\npm\\tools\\node_modules\\npm\\bin\\npm-cli.js" "uninstall" "-g" "phantomjs"
13 error cwd C:\Users\Steven\Documents\Coding\selenium_phantom
14 error node -v v6.9.2
15 error npm -v 1.4.9
16 error path C:\Program Files\nodejs\phantomjs.cmd
17 error syscall unlink
18 error code EPERM
19 error errno -4048
20 error stack Error: EPERM: operation not permitted, unlink 'C:\Program Files\nodejs\phantomjs.cmd'
20 error stack     at Error (native)
21 verbose exit [ -4048, true ]
